<?xml version="1.0" encoding="utf-8"?><testsuites><testsuite name="pytest" errors="0" failures="1" skipped="0" tests="1" time="10.624" timestamp="2021-04-01T18:31:40.500300" hostname="CUP-MNL-L760"><testcase classname="test_e2e.TestOne" name="test_e2e" time="10.334"><failure message="AssertionError: assert 'Success! Thankasasa you! ' in '×\nSuccess! Thank you! Your order will be delivered in next few weeks :-).'">self = &lt;tests.test_e2e.TestOne object at 0x00000210DEFDEA60&gt;

    def test_e2e(self):
        log = self.getLogger()
        homepage = HomePage(self.driver)
        checkoutpage = homepage.shopItems()
        log.info("getting all the card titles")
        cards = checkoutpage.getCardTitles()
        i = -1
        for card in cards:
            i = i + 1
            cardText = card.text
            log.info(cardText)
            if cardText == "Blackberry":
                checkoutpage.getCardFooter()[i].click()
    
        # self.driver.find_element_by_css_selector("a[class*='btn-primary']").click()
        checkoutpage.getCheckOutItems1().click()
        confirmpage = checkoutpage.getCheckOutItems2()
        log.info("Entering country name as ind")
        # self.driver.find_element_by_id("country").send_keys("ind")
        confirmpage.getCountry().send_keys("ind")
        # time.sleep(5)
        self.verifyLinkPresence("India")
        # self.driver.find_element_by_link_text("India").click()
        confirmpage.getChooseCountry().click()
        # self.driver.find_element_by_xpath("//div[@class='checkbox checkbox-primary']").click()
        confirmpage.getClickCheckbox().click()
        # self.driver.find_element_by_css_selector("[type='submit']").click()
        confirmpage.getClickPurchase().click()
        textMatch = self.driver.find_element_by_css_selector("[class*='alert-success']").text
        confirmpage.getVerifySuccessText().text
    
        log.info("Text received from application is " + textMatch)
    
&gt;       assert ("Success! Thankasasa you! " in textMatch)
E       AssertionError: assert 'Success! Thankasasa you! ' in '×\nSuccess! Thank you! Your order will be delivered in next few weeks :-).'

test_e2e.py:40: AssertionError</failure></testcase></testsuite></testsuites>